Detecting C [-std=c11] compiler features failed to compile with the following output:
Change Dir: /home/jonathan/CLionProjects/Trade#2/cmake-build-debug/CMakeFiles/CMakeTmp

Run Build Command:"/usr/bin/make" "cmTC_c70c6/fast"
/usr/bin/make -f CMakeFiles/cmTC_c70c6.dir/build.make CMakeFiles/cmTC_c70c6.dir/build
make[1]: Entering directory '/home/jonathan/CLionProjects/Trade#2/cmake-build-debug/CMakeFiles/CMakeTmp'
make[1]: *** No rule to make target '/home/jonathan/CLionProjects/Trade', needed by 'CMakeFiles/cmTC_c70c6.dir/feature_tests.c.o'.  Stop.
make[1]: Leaving directory '/home/jonathan/CLionProjects/Trade#2/cmake-build-debug/CMakeFiles/CMakeTmp'
Makefile:121: recipe for target 'cmTC_c70c6/fast' failed
make: *** [cmTC_c70c6/fast] Error 2



Detecting CXX [-std=c++1z] compiler features failed to compile with the following output:
Change Dir: /home/jonathan/CLionProjects/Trade#2/cmake-build-debug/CMakeFiles/CMakeTmp

Run Build Command:"/usr/bin/make" "cmTC_5c174/fast"
/usr/bin/make -f CMakeFiles/cmTC_5c174.dir/build.make CMakeFiles/cmTC_5c174.dir/build
make[1]: Entering directory '/home/jonathan/CLionProjects/Trade#2/cmake-build-debug/CMakeFiles/CMakeTmp'
make[1]: *** No rule to make target '/home/jonathan/CLionProjects/Trade', needed by 'CMakeFiles/cmTC_5c174.dir/feature_tests.cxx.o'.  Stop.
make[1]: Leaving directory '/home/jonathan/CLionProjects/Trade#2/cmake-build-debug/CMakeFiles/CMakeTmp'
Makefile:121: recipe for target 'cmTC_5c174/fast' failed
make: *** [cmTC_5c174/fast] Error 2



